Base path: C:/Program Files/Unity/Editor/Data
Cmd: initializeCompiler
Cmd: preprocess
  insize=6641 outsize=965 ok=1
Cmd: preprocess
  insize=2453 outsize=662 ok=1
Cmd: preprocess
  insize=3247 outsize=583 ok=1
Cmd: preprocess
  insize=808 outsize=361 ok=1
Cmd: preprocessCompute
  insize=14445 outsize=14563 ok=1
Cmd: preprocessCompute
  insize=27443 outsize=27467 ok=1
Cmd: preprocess
  insize=3219 outsize=322 ok=1
Cmd: preprocess
  insize=6801 outsize=3266 ok=1
Cmd: preprocess
  insize=2155 outsize=306 ok=1
Cmd: preprocess
  insize=3758 outsize=315 ok=1
Cmd: preprocess
  insize=2687 outsize=302 ok=1
Cmd: preprocessCompute
  insize=2128 outsize=2134 ok=1
Cmd: preprocess
  insize=25166 outsize=15482 ok=1
Cmd: preprocessCompute
  insize=1366 outsize=1372 ok=1
Cmd: preprocess
  insize=3690 outsize=914 ok=1
Cmd: preprocess
  insize=2096 outsize=489 ok=1
Cmd: preprocess
  insize=11823 outsize=980 ok=1
Cmd: preprocess
  insize=426 outsize=426 ok=1
Cmd: preprocess
  insize=1638 outsize=660 ok=1
Cmd: preprocess
  insize=440 outsize=437 ok=1
Cmd: preprocessCompute
  insize=2772 outsize=2776 ok=1
Cmd: preprocess
  insize=1579 outsize=233 ok=1
Cmd: preprocessCompute
  insize=1220 outsize=1226 ok=1
Cmd: preprocess
  insize=3885 outsize=524 ok=1
Cmd: preprocess
  insize=6238 outsize=2502 ok=1
Cmd: preprocessCompute
  insize=2857 outsize=2863 ok=1
Cmd: preprocessCompute
  insize=11166 outsize=11176 ok=1
Cmd: preprocess
  insize=1231 outsize=322 ok=1
Cmd: preprocess
  insize=1003 outsize=496 ok=1
Cmd: preprocess
  insize=3687 outsize=867 ok=1
Cmd: preprocess
  insize=1074 outsize=379 ok=1
Cmd: preprocess
  insize=12654 outsize=565 ok=1
Cmd: preprocess
  insize=3739 outsize=624 ok=1
Cmd: preprocess
  insize=1290 outsize=380 ok=1
Cmd: preprocess
  insize=22803 outsize=3829 ok=1
Cmd: preprocess
  insize=5648 outsize=308 ok=1
Cmd: preprocess
  insize=6176 outsize=2823 ok=1
Cmd: preprocessCompute
  insize=7610 outsize=7616 ok=1
Cmd: preprocess
  insize=1867 outsize=322 ok=1
Cmd: preprocessCompute
  insize=5014 outsize=5022 ok=1
Cmd: preprocess
  insize=1823 outsize=473 ok=1
Cmd: preprocess
  insize=5056 outsize=296 ok=1
Cmd: preprocess
  insize=2985 outsize=344 ok=1
Cmd: preprocess
  insize=3245 outsize=383 ok=1
Cmd: preprocess
  insize=2581 outsize=863 ok=1
Cmd: preprocessCompute
  insize=3526 outsize=3532 ok=1
Cmd: preprocessCompute
  insize=6526 outsize=6534 ok=1
Cmd: preprocessCompute
  insize=1788 outsize=1792 ok=1
Cmd: preprocess
  insize=1431 outsize=281 ok=1
Cmd: preprocess
  insize=6257 outsize=384 ok=1
Cmd: preprocess
  insize=2448 outsize=319 ok=1
Cmd: preprocess
  insize=1789 outsize=273 ok=1
Cmd: preprocess
  insize=628 outsize=231 ok=1
Cmd: preprocess
  insize=1719 outsize=372 ok=1
Cmd: preprocess
  insize=978 outsize=231 ok=1
Cmd: preprocess
  insize=4158 outsize=689 ok=1
Cmd: preprocessCompute
  insize=12210 outsize=12214 ok=1
Cmd: preprocess
  insize=542 outsize=1332 ok=1
Cmd: preprocessCompute
  insize=18709 outsize=18731 ok=1
Cmd: preprocessCompute
  insize=1607 outsize=1611 ok=1
Cmd: preprocess
  insize=19867 outsize=9896 ok=1
Cmd: preprocessCompute
  insize=19543 outsize=19561 ok=1
Cmd: preprocess
  insize=3320 outsize=826 ok=1
Cmd: preprocess
  insize=18676 outsize=9268 ok=1
Cmd: preprocessCompute
  insize=5587 outsize=5591 ok=1
Cmd: preprocess
  insize=39082 outsize=18653 ok=1
Cmd: preprocess
  insize=5151 outsize=857 ok=1
Cmd: preprocessCompute
  insize=22282 outsize=22288 ok=1
Cmd: preprocess
  insize=2343 outsize=655 ok=1
Cmd: preprocess
  insize=40789 outsize=19383 ok=1
Cmd: preprocessCompute
  insize=2591 outsize=2595 ok=1
Cmd: preprocess
  insize=1123 outsize=1456 ok=1
Cmd: preprocess
  insize=1052 outsize=334 ok=1
Cmd: preprocess
  insize=7372 outsize=421 ok=1
Cmd: preprocess
  insize=10808 outsize=338 ok=1
Cmd: preprocess
  insize=2507 outsize=1111 ok=1
Cmd: preprocess
  insize=40982 outsize=24294 ok=1
Cmd: preprocess
  insize=3119 outsize=1070 ok=1
Cmd: preprocessCompute
  insize=3965 outsize=3967 ok=1
Cmd: preprocess
  insize=879 outsize=419 ok=1
Cmd: preprocessCompute
  insize=2947 outsize=2953 ok=1
Cmd: preprocess
  insize=3190 outsize=600 ok=1
Cmd: preprocess
  insize=2781 outsize=342 ok=1
Cmd: preprocessCompute
  insize=1858 outsize=1864 ok=1
Cmd: preprocess
  insize=3021 outsize=583 ok=1
Cmd: preprocess
  insize=3705 outsize=1892 ok=1
Cmd: preprocess
  insize=605 outsize=247 ok=1
Cmd: preprocess
  insize=2888 outsize=540 ok=1
Cmd: preprocessCompute
  insize=705 outsize=711 ok=1
Cmd: preprocess
  insize=7195 outsize=300 ok=1
Cmd: preprocess
  insize=1665 outsize=236 ok=1
Cmd: preprocessCompute
  insize=1627 outsize=1631 ok=1
Cmd: preprocessCompute
  insize=20923 outsize=20933 ok=1
Cmd: preprocess
  insize=3682 outsize=237 ok=1
Cmd: preprocessCompute
  insize=35413 outsize=35447 ok=1
Cmd: preprocess
  insize=853 outsize=463 ok=1
Cmd: preprocess
  insize=12338 outsize=1048 ok=1
Cmd: preprocessCompute
  insize=8506 outsize=8512 ok=1
Cmd: preprocess
  insize=1073 outsize=474 ok=1
Cmd: preprocess
  insize=2385 outsize=338 ok=1
Cmd: preprocess
  insize=6462 outsize=1315 ok=1
Cmd: preprocessCompute
  insize=16714 outsize=16724 ok=1
Cmd: preprocess
  insize=14056 outsize=7090 ok=1
Cmd: preprocess
  insize=1545 outsize=430 ok=1
Cmd: preprocess
  insize=10358 outsize=356 ok=1
Cmd: preprocess
  insize=1147 outsize=393 ok=1
Cmd: preprocess
  insize=1188 outsize=411 ok=1
Cmd: preprocess
  insize=1982 outsize=428 ok=1
Cmd: preprocess
  insize=5198 outsize=3811 ok=1
Cmd: preprocessCompute
  insize=14238 outsize=14244 ok=1
Cmd: preprocess
  insize=6963 outsize=292 ok=1
Cmd: preprocess
  insize=3197 outsize=1434 ok=1
Cmd: preprocess
  insize=2074 outsize=307 ok=1
Cmd: preprocess
  insize=952 outsize=382 ok=1
Cmd: preprocess
  insize=3813 outsize=855 ok=1
Cmd: preprocess
  insize=3750 outsize=384 ok=1
Cmd: preprocessCompute
  insize=1499 outsize=1505 ok=1
Cmd: preprocess
  insize=830 outsize=318 ok=1
Cmd: preprocess
  insize=2588 outsize=1517 ok=1
Cmd: preprocessCompute
  insize=2114 outsize=2120 ok=1
Cmd: preprocess
  insize=11196 outsize=337 ok=1
Cmd: preprocess
  insize=2371 outsize=667 ok=1
Cmd: preprocess
  insize=14041 outsize=4781 ok=1
Cmd: preprocessCompute
  insize=10115 outsize=10127 ok=1
Cmd: preprocess
  insize=42583 outsize=25051 ok=1
Cmd: preprocess
  insize=15823 outsize=5982 ok=1
Cmd: preprocess
  insize=13523 outsize=997 ok=1
Cmd: preprocessCompute
  insize=3586 outsize=3590 ok=1
Cmd: preprocess
  insize=4165 outsize=397 ok=1
Cmd: preprocess
  insize=2706 outsize=232 ok=1
Cmd: preprocess
  insize=9489 outsize=3436 ok=1
Cmd: preprocess
  insize=2070 outsize=769 ok=1
Cmd: preprocess
  insize=1614 outsize=417 ok=1
Cmd: preprocessCompute
  insize=17047 outsize=17177 ok=1
Cmd: preprocessCompute
  insize=3217 outsize=3223 ok=1
Cmd: preprocessCompute
  insize=1208 outsize=1212 ok=1
Cmd: preprocess
  insize=3327 outsize=958 ok=1
Cmd: preprocess
  insize=1409 outsize=310 ok=1
Cmd: preprocessCompute
  insize=4748 outsize=4750 ok=1
Cmd: preprocessCompute
  insize=3535 outsize=3537 ok=1
Cmd: preprocess
  insize=10115 outsize=429 ok=1
Cmd: preprocessCompute
  insize=1563 outsize=1565 ok=1
Cmd: preprocessCompute
  insize=2889 outsize=2891 ok=1
Cmd: preprocessCompute
  insize=1542 outsize=1544 ok=1
Cmd: preprocess
  insize=7996 outsize=428 ok=1
Cmd: preprocessCompute
  insize=1489 outsize=1491 ok=1
Cmd: preprocessCompute
  insize=5283 outsize=5285 ok=1
Cmd: preprocessCompute
  insize=4905 outsize=4907 ok=1
Cmd: preprocess
  insize=10591 outsize=416 ok=1
Cmd: preprocess
  insize=103287 outsize=5518 ok=1
Cmd: preprocess
  insize=174820 outsize=8716 ok=1
Cmd: preprocess
  insize=100071 outsize=5450 ok=1
Cmd: initializeCompiler
Cmd: initializeCompiler
Cmd: initializeCompiler
Cmd: initializeCompiler
Cmd: initializeCompiler
Cmd: initializeCompiler
Cmd: initializeCompiler
Cmd: initializeCompiler
Cmd: compileSnippet
  api=4 type=0 insize=2285 outsize=858 kw= pd=UNITY_ENABLE_REFLECTION_BUFFERS UNITY_USE_DITHER_MASK_FOR_ALPHABLENDED_SHADOWS UNITY_PBS_USE_BRDF1 UNITY_SPECCUBE_BOX_PROJECTION UNITY_SPECCUBE_BLENDING UNITY_ENABLE_DETAIL_NORMALMAP SHADER_API_DESKTOP UNITY_COLORSPACE_GAMMA UNITY_LIGHT_PROBE_PROXY_VOLUME UNITY_LIGHTMAP_FULL_HDR ok=1
Cmd: compileSnippet
  api=4 type=1 insize=2285 outsize=446 kw= pd=UNITY_ENABLE_REFLECTION_BUFFERS UNITY_USE_DITHER_MASK_FOR_ALPHABLENDED_SHADOWS UNITY_PBS_USE_BRDF1 UNITY_SPECCUBE_BOX_PROJECTION UNITY_SPECCUBE_BLENDING UNITY_ENABLE_DETAIL_NORMALMAP SHADER_API_DESKTOP UNITY_COLORSPACE_GAMMA UNITY_LIGHT_PROBE_PROXY_VOLUME UNITY_LIGHTMAP_FULL_HDR ok=1
Cmd: initializeCompiler
Cmd: initializeCompiler
Cmd: initializeCompiler
Cmd: initializeCompiler
Cmd: initializeCompiler
Cmd: initializeCompiler
Cmd: initializeCompiler
Cmd: initializeCompiler
Cmd: initializeCompiler
Cmd: initializeCompiler
Cmd: initializeCompiler
Cmd: initializeCompiler
Cmd: initializeCompiler
Cmd: initializeCompiler
Cmd: initializeCompiler
Cmd: initializeCompiler
Cmd: initializeCompiler
Cmd: initializeCompiler
Cmd: initializeCompiler
Cmd: initializeCompiler
Cmd: initializeCompiler
Cmd: initializeCompiler
Cmd: initializeCompiler
Cmd: initializeCompiler
Cmd: initializeCompiler
Cmd: initializeCompiler
