Base path: /Applications/Unity/Hub/Editor/2018.3.3f1/Unity.app/Contents
Cmd: initializeCompiler
Cmd: compileComputeKernel
  api=14 insize=14379 outsize=100329 ok=1
Cmd: compileComputeKernel
  api=14 insize=14379 outsize=47517 ok=1
Cmd: compileComputeKernel
  api=14 insize=14379 outsize=47625 ok=1
Cmd: compileComputeKernel
  api=14 insize=14379 outsize=102565 ok=1
Cmd: compileComputeKernel
  api=14 insize=14379 outsize=44009 ok=1
Cmd: translateComputeKernel
  api=14 insize=100809 outsize=223453 ok=1
Cmd: translateComputeKernel
  api=14 insize=32121 outsize=51053 ok=1
Cmd: translateComputeKernel
  api=14 insize=53937 outsize=106321 ok=1
Cmd: translateComputeKernel
  api=14 insize=54265 outsize=112225 ok=1
Cmd: translateComputeKernel
  api=14 insize=44953 outsize=83713 ok=1
Cmd: translateComputeKernel
  api=14 insize=62073 outsize=124117 ok=1
Cmd: translateComputeKernel
  api=14 insize=44765 outsize=83409 ok=1
Cmd: translateComputeKernel
  api=14 insize=104741 outsize=244541 ok=1
Cmd: compileComputeKernel
  api=14 insize=26814 outsize=17865 ok=1
Cmd: translateComputeKernel
  api=14 insize=16389 outsize=31885 ok=1
Cmd: translateComputeKernel
  api=14 insize=18493 outsize=35829 ok=1
Cmd: translateComputeKernel
  api=14 insize=1469 outsize=1585 ok=1
Cmd: compileComputeKernel
  api=14 insize=10881 outsize=10709 ok=1
Cmd: compileComputeKernel
  api=14 insize=4845 outsize=10953 ok=1
Cmd: translateComputeKernel
  api=14 insize=5397 outsize=7573 ok=1
Cmd: translateComputeKernel
  api=14 insize=12037 outsize=24497 ok=1
Cmd: compileComputeKernel
  api=14 insize=18299 outsize=11321 ok=1
Cmd: translateComputeKernel
  api=14 insize=11321 outsize=24633 ok=1
Cmd: compileComputeKernel
  api=14 insize=19063 outsize=17045 ok=1
Cmd: translateComputeKernel
  api=14 insize=17109 outsize=34757 ok=1
Cmd: translateComputeKernel
  api=14 insize=7001 outsize=13513 ok=1
Cmd: compileComputeKernel
  api=14 insize=34758 outsize=47649 ok=1
Cmd: compileComputeKernel
  api=14 insize=34758 outsize=45861 ok=1
Cmd: translateComputeKernel
  api=14 insize=45425 outsize=91709 ok=1
Cmd: translateComputeKernel
  api=14 insize=47005 outsize=94225 ok=1
Cmd: compileComputeKernel
  api=14 insize=8350 outsize=2405 ok=1
Cmd: compileComputeKernel
  api=14 insize=16360 outsize=15893 ok=1
Cmd: translateComputeKernel
  api=14 insize=14729 outsize=13397 ok=1
Cmd: compileComputeKernel
  api=14 insize=2044 outsize=1509 ok=1
Cmd: translateComputeKernel
  api=14 insize=1509 outsize=2273 ok=1
Cmd: compileComputeKernel
  api=14 insize=16866 outsize=5393 ok=1
Cmd: compileComputeKernel
  api=14 insize=16866 outsize=5993 ok=1
Cmd: compileComputeKernel
  api=14 insize=16866 outsize=7769 ok=1
Cmd: compileComputeKernel
  api=14 insize=16866 outsize=10217 ok=1
Cmd: compileComputeKernel
  api=14 insize=16866 outsize=7229 ok=1
Cmd: compileComputeKernel
  api=14 insize=16866 outsize=8933 ok=1
Cmd: compileComputeKernel
  api=14 insize=16866 outsize=8737 ok=1
Cmd: compileComputeKernel
  api=14 insize=16866 outsize=11233 ok=1
Cmd: compileComputeKernel
  api=14 insize=16866 outsize=12465 ok=1
Cmd: translateComputeKernel
  api=14 insize=5853 outsize=10385 ok=1
Cmd: translateComputeKernel
  api=14 insize=6729 outsize=11769 ok=1
Cmd: translateComputeKernel
  api=14 insize=8285 outsize=14921 ok=1
Cmd: translateComputeKernel
  api=14 insize=8881 outsize=16673 ok=1
Cmd: translateComputeKernel
  api=14 insize=7617 outsize=14193 ok=1
Cmd: translateComputeKernel
  api=14 insize=8181 outsize=14981 ok=1
Cmd: translateComputeKernel
  api=14 insize=9757 outsize=18225 ok=1
Cmd: translateComputeKernel
  api=14 insize=10353 outsize=20137 ok=1
Cmd: translateComputeKernel
  api=14 insize=5113 outsize=9205 ok=1
Cmd: initializeCompiler
Cmd: translateComputeKernel
  api=14 insize=1309 outsize=1341 ok=1
Cmd: compileComputeKernel
  error: 1 plat 14 at Sort.compute(218): use of potentially uninitialized variable (GetKeyWithCheck)
  api=14 insize=9814 outsize=5041 ok=1
Cmd: translateComputeKernel
  api=14 insize=5073 outsize=8997 ok=1
Cmd: translateComputeKernel
  api=14 insize=2769 outsize=5105 ok=1
