Base path: /Applications/Unity/Hub/Editor/2018.3.3f1/Unity.app/Contents
Cmd: initializeCompiler
Cmd: compileComputeKernel
  api=14 insize=14379 outsize=51585 ok=1
Cmd: compileComputeKernel
  api=14 insize=14379 outsize=59733 ok=1
Cmd: compileComputeKernel
  api=14 insize=14379 outsize=47989 ok=1
Cmd: compileComputeKernel
  api=14 insize=14379 outsize=55321 ok=1
Cmd: compileComputeKernel
  api=14 insize=14379 outsize=56341 ok=1
Cmd: compileComputeKernel
  api=14 insize=14379 outsize=46889 ok=1
Cmd: compileComputeKernel
  api=14 insize=14379 outsize=53737 ok=1
Cmd: compileComputeKernel
  api=14 insize=14379 outsize=49673 ok=1
Cmd: compileComputeKernel
  api=14 insize=14379 outsize=49133 ok=1
Cmd: compileComputeKernel
  api=14 insize=14379 outsize=49269 ok=1
Cmd: compileComputeKernel
  error: 1 plat 14 at (0): Program 'Deferred_Indirect_ShadowMask_Fptl_Variant26', warning X4714: sum of temp registers and indexable temp registers times 256 threads exceeds the recommended total 16384.  Performance may be reduced
  api=14 insize=14379 outsize=104333 ok=1
Cmd: translateComputeKernel
  api=14 insize=110849 outsize=247501 ok=1
Cmd: translateComputeKernel
  api=14 insize=85153 outsize=186417 ok=1
Cmd: compileComputeKernel
  api=14 insize=26814 outsize=17661 ok=1
Cmd: translateComputeKernel
  api=14 insize=15813 outsize=30945 ok=1
Cmd: translateComputeKernel
  api=14 insize=18293 outsize=35417 ok=1
Cmd: translateComputeKernel
  api=14 insize=13169 outsize=10777 ok=1
Cmd: translateComputeKernel
  api=14 insize=3265 outsize=5361 ok=1
Cmd: compileComputeKernel
  api=14 insize=18299 outsize=9953 ok=1
Cmd: translateComputeKernel
  api=14 insize=9721 outsize=16621 ok=1
Cmd: compileComputeKernel
  api=14 insize=19063 outsize=16573 ok=1
Cmd: translateComputeKernel
  api=14 insize=17045 outsize=34753 ok=1
Cmd: translateComputeKernel
  api=14 insize=2001 outsize=3541 ok=1
Cmd: translateComputeKernel
  api=14 insize=34869 outsize=60745 ok=1
Cmd: compileComputeKernel
  api=14 insize=34758 outsize=45861 ok=1
Cmd: compileComputeKernel
  api=14 insize=34758 outsize=46829 ok=1
Cmd: translateComputeKernel
  api=14 insize=46289 outsize=93145 ok=1
Cmd: translateComputeKernel
  api=14 insize=45425 outsize=91709 ok=1
Cmd: translateComputeKernel
  api=14 insize=16893 outsize=19861 ok=1
Cmd: compileComputeKernel
  api=14 insize=16866 outsize=6473 ok=1
Cmd: compileComputeKernel
  api=14 insize=16866 outsize=7073 ok=1
Cmd: compileComputeKernel
  api=14 insize=16866 outsize=8777 ok=1
Cmd: compileComputeKernel
  api=14 insize=16866 outsize=9333 ok=1
Cmd: compileComputeKernel
  api=14 insize=16866 outsize=7541 ok=1
Cmd: compileComputeKernel
  api=14 insize=16866 outsize=9009 ok=1
Cmd: compileComputeKernel
  api=14 insize=16866 outsize=10249 ok=1
Cmd: compileComputeKernel
  api=14 insize=16866 outsize=10805 ok=1
Cmd: translateComputeKernel
  api=14 insize=6549 outsize=11821 ok=1
Cmd: translateComputeKernel
  api=14 insize=7113 outsize=12565 ok=1
Cmd: translateComputeKernel
  api=14 insize=8813 outsize=15925 ok=1
Cmd: translateComputeKernel
  api=14 insize=9409 outsize=17757 ok=1
Cmd: translateComputeKernel
  api=14 insize=8001 outsize=14993 ok=1
Cmd: translateComputeKernel
  api=14 insize=8565 outsize=15781 ok=1
Cmd: translateComputeKernel
  api=14 insize=10285 outsize=19305 ok=1
Cmd: translateComputeKernel
  api=14 insize=10881 outsize=21237 ok=1
Cmd: initializeCompiler
Cmd: compileComputeKernel
  api=14 insize=9814 outsize=5033 ok=1
Cmd: translateComputeKernel
  api=14 insize=2545 outsize=4373 ok=1
Cmd: translateComputeKernel
  api=14 insize=1337 outsize=1645 ok=1
Cmd: translateComputeKernel
  api=14 insize=2769 outsize=5105 ok=1
