Base path: /Applications/Unity/Hub/Editor/2018.3.3f1/Unity.app/Contents
Cmd: initializeCompiler
Cmd: compileComputeKernel
  api=14 insize=14379 outsize=31133 ok=1
Cmd: compileComputeKernel
  api=14 insize=14379 outsize=52493 ok=1
Cmd: compileComputeKernel
  api=14 insize=14379 outsize=42669 ok=1
Cmd: compileComputeKernel
  api=14 insize=14379 outsize=83021 ok=1
Cmd: compileComputeKernel
  api=14 insize=14379 outsize=54901 ok=1
Cmd: compileComputeKernel
  api=14 insize=14379 outsize=72245 ok=1
Cmd: compileComputeKernel
  api=14 insize=14379 outsize=75141 ok=1
Cmd: translateComputeKernel
  api=14 insize=112753 outsize=252793 ok=1
Cmd: translateComputeKernel
  api=14 insize=56501 outsize=110981 ok=1
Cmd: translateComputeKernel
  api=14 insize=58685 outsize=118637 ok=1
Cmd: translateComputeKernel
  api=14 insize=57229 outsize=114257 ok=1
Cmd: compileComputeKernel
  api=14 insize=26814 outsize=18065 ok=1
Cmd: compileComputeKernel
  api=14 insize=26814 outsize=749 ok=1
Cmd: translateComputeKernel
  api=14 insize=18289 outsize=35381 ok=1
Cmd: translateComputeKernel
  api=14 insize=8969 outsize=2965 ok=1
Cmd: translateComputeKernel
  api=14 insize=1357 outsize=1453 ok=1
Cmd: translateComputeKernel
  api=14 insize=48933 outsize=86117 ok=1
Cmd: compileComputeKernel
  api=14 insize=7431 outsize=13073 ok=1
Cmd: compileComputeKernel
  api=14 insize=3396 outsize=3445 ok=1
Cmd: compileComputeKernel
  api=14 insize=6353 outsize=1889 ok=1
Cmd: compileComputeKernel
  api=14 insize=18299 outsize=9405 ok=1
Cmd: translateComputeKernel
  api=14 insize=9533 outsize=16349 ok=1
Cmd: translateComputeKernel
  api=14 insize=11489 outsize=24921 ok=1
Cmd: compileComputeKernel
  api=14 insize=19063 outsize=16417 ok=1
Cmd: translateComputeKernel
  api=14 insize=17693 outsize=35985 ok=1
Cmd: translateComputeKernel
  api=14 insize=2845 outsize=4929 ok=1
Cmd: compileComputeKernel
  api=14 insize=692 outsize=1093 ok=1
Cmd: translateComputeKernel
  api=14 insize=1093 outsize=1081 ok=1
Cmd: compileComputeKernel
  api=14 insize=20454 outsize=102597 ok=1
Cmd: compileComputeKernel
  api=14 insize=34758 outsize=46829 ok=1
Cmd: compileComputeKernel
  api=14 insize=34758 outsize=47649 ok=1
Cmd: translateComputeKernel
  api=14 insize=47785 outsize=95637 ok=1
Cmd: translateComputeKernel
  api=14 insize=48381 outsize=96765 ok=1
Cmd: compileComputeKernel
  api=14 insize=16360 outsize=16841 ok=1
Cmd: translateComputeKernel
  api=14 insize=15981 outsize=17417 ok=1
Cmd: compileComputeKernel
  api=14 insize=16866 outsize=7169 ok=1
Cmd: compileComputeKernel
  api=14 insize=16866 outsize=8081 ok=1
Cmd: compileComputeKernel
  api=14 insize=16866 outsize=7821 ok=1
Cmd: compileComputeKernel
  api=14 insize=16866 outsize=9789 ok=1
Cmd: compileComputeKernel
  api=14 insize=16866 outsize=8621 ok=1
Cmd: compileComputeKernel
  api=14 insize=16866 outsize=8837 ok=1
Cmd: compileComputeKernel
  api=14 insize=16866 outsize=10705 ok=1
Cmd: compileComputeKernel
  api=14 insize=16866 outsize=11789 ok=1
Cmd: translateComputeKernel
  api=14 insize=7557 outsize=13865 ok=1
Cmd: translateComputeKernel
  api=14 insize=7425 outsize=13205 ok=1
Cmd: translateComputeKernel
  api=14 insize=9269 outsize=16937 ok=1
Cmd: translateComputeKernel
  api=14 insize=9865 outsize=18689 ok=1
Cmd: translateComputeKernel
  api=14 insize=8313 outsize=15629 ok=1
Cmd: translateComputeKernel
  api=14 insize=8877 outsize=16421 ok=1
Cmd: translateComputeKernel
  api=14 insize=10741 outsize=20241 ok=1
Cmd: translateComputeKernel
  api=14 insize=11337 outsize=22157 ok=1
Cmd: initializeCompiler
Cmd: compileComputeKernel
  api=14 insize=1326 outsize=1345 ok=1
Cmd: compileComputeKernel
  error: 1 plat 14 at Sort.compute(218): use of potentially uninitialized variable (GetKeyWithCheck)
  api=14 insize=9814 outsize=5073 ok=1
Cmd: translateComputeKernel
  api=14 insize=5041 outsize=8677 ok=1
Cmd: translateComputeKernel
  api=14 insize=1937 outsize=2197 ok=1
Cmd: translateComputeKernel
  api=14 insize=2861 outsize=4581 ok=1
Cmd: translateComputeKernel
  api=14 insize=2449 outsize=3433 ok=1
Cmd: compileComputeKernel
  api=14 insize=5285 outsize=2993 ok=1
Cmd: translateComputeKernel
  api=14 insize=2993 outsize=5053 ok=1
