Base path: /Applications/Unity/Hub/Editor/2018.3.3f1/Unity.app/Contents
Cmd: initializeCompiler
Cmd: compileComputeKernel
  api=14 insize=14379 outsize=40169 ok=1
Cmd: compileComputeKernel
  api=14 insize=14379 outsize=70569 ok=1
Cmd: compileComputeKernel
  api=14 insize=14379 outsize=54141 ok=1
Cmd: compileComputeKernel
  api=14 insize=14379 outsize=59745 ok=1
Cmd: compileComputeKernel
  api=14 insize=14379 outsize=73025 ok=1
Cmd: compileComputeKernel
  api=14 insize=14379 outsize=55665 ok=1
Cmd: compileComputeKernel
  api=14 insize=14379 outsize=57969 ok=1
Cmd: translateComputeKernel
  api=14 insize=40925 outsize=74549 ok=1
Cmd: translateComputeKernel
  api=14 insize=53209 outsize=104813 ok=1
Cmd: translateComputeKernel
  api=14 insize=43153 outsize=80437 ok=1
Cmd: translateComputeKernel
  api=14 insize=59681 outsize=124525 ok=1
Cmd: translateComputeKernel
  api=14 insize=74185 outsize=154449 ok=1
Cmd: translateComputeKernel
  api=14 insize=48461 outsize=92269 ok=1
Cmd: translateComputeKernel
  api=14 insize=55617 outsize=109701 ok=1
Cmd: translateComputeKernel
  api=14 insize=42425 outsize=78741 ok=1
Cmd: translateComputeKernel
  api=14 insize=72961 outsize=154149 ok=1
Cmd: translateComputeKernel
  api=14 insize=57713 outsize=115469 ok=1
Cmd: translateComputeKernel
  api=14 insize=56333 outsize=110393 ok=1
Cmd: compileComputeKernel
  api=14 insize=26814 outsize=17433 ok=1
Cmd: translateComputeKernel
  api=14 insize=17661 outsize=34353 ok=1
Cmd: compileComputeKernel
  api=14 insize=2059 outsize=789 ok=1
Cmd: translateComputeKernel
  api=14 insize=48553 outsize=85569 ok=1
Cmd: translateComputeKernel
  api=14 insize=11297 outsize=22353 ok=1
Cmd: translateComputeKernel
  api=14 insize=11209 outsize=18525 ok=1
Cmd: translateComputeKernel
  api=14 insize=7005 outsize=13541 ok=1
Cmd: compileComputeKernel
  api=14 insize=18299 outsize=9721 ok=1
Cmd: translateComputeKernel
  api=14 insize=9405 outsize=16205 ok=1
Cmd: translateComputeKernel
  api=14 insize=11797 outsize=25309 ok=1
Cmd: compileComputeKernel
  api=14 insize=19063 outsize=16557 ok=1
Cmd: translateComputeKernel
  api=14 insize=16617 outsize=33897 ok=1
Cmd: compileComputeKernel
  api=14 insize=21751 outsize=22213 ok=1
Cmd: translateComputeKernel
  api=14 insize=22213 outsize=50645 ok=1
Cmd: compileComputeKernel
  api=14 insize=1806 outsize=1145 ok=1
Cmd: translateComputeKernel
  api=14 insize=7445 outsize=12917 ok=1
Cmd: compileComputeKernel
  api=14 insize=34758 outsize=44645 ok=1
Cmd: compileComputeKernel
  api=14 insize=34758 outsize=44645 ok=1
Cmd: translateComputeKernel
  api=14 insize=48381 outsize=96765 ok=1
Cmd: translateComputeKernel
  api=14 insize=46289 outsize=93145 ok=1
Cmd: compileComputeKernel
  api=14 insize=13916 outsize=10573 ok=1
Cmd: compileComputeKernel
  api=14 insize=3506 outsize=8801 ok=1
Cmd: compileComputeKernel
  api=14 insize=16866 outsize=6785 ok=1
Cmd: compileComputeKernel
  api=14 insize=16866 outsize=7385 ok=1
Cmd: compileComputeKernel
  api=14 insize=16866 outsize=9233 ok=1
Cmd: compileComputeKernel
  api=14 insize=16866 outsize=10317 ok=1
Cmd: compileComputeKernel
  api=14 insize=16866 outsize=7445 ok=1
Cmd: compileComputeKernel
  api=14 insize=16866 outsize=9221 ok=1
Cmd: compileComputeKernel
  api=14 insize=16866 outsize=11689 ok=1
Cmd: translateComputeKernel
  api=14 insize=7245 outsize=13221 ok=1
Cmd: translateComputeKernel
  api=14 insize=7809 outsize=13965 ok=1
Cmd: translateComputeKernel
  api=14 insize=9797 outsize=17921 ok=1
Cmd: translateComputeKernel
  api=14 insize=10393 outsize=19753 ok=1
Cmd: translateComputeKernel
  api=14 insize=9009 outsize=17033 ok=1
Cmd: translateComputeKernel
  api=14 insize=9301 outsize=17289 ok=1
Cmd: translateComputeKernel
  api=14 insize=9369 outsize=18101 ok=1
Cmd: compileComputeKernel
  api=14 insize=3145 outsize=5113 ok=1
Cmd: translateComputeKernel
  api=14 insize=5045 outsize=9073 ok=1
Cmd: translateComputeKernel
  api=14 insize=873 outsize=1513 ok=1
Cmd: initializeCompiler
Cmd: compileComputeKernel
  api=14 insize=1326 outsize=1237 ok=1
Cmd: translateComputeKernel
  api=14 insize=4717 outsize=8825 ok=1
Cmd: initializeCompiler
Cmd: initializeCompiler
Unhandled exception: Protocol error - unexpected end of data (did the Editor crash?)

Quitting shader compiler process
