Base path: /Applications/Unity/Hub/Editor/2018.3.3f1/Unity.app/Contents
Cmd: initializeCompiler
Cmd: compileComputeKernel
  api=14 insize=14379 outsize=110777 ok=1
Cmd: compileComputeKernel
  api=14 insize=14379 outsize=80917 ok=1
Cmd: compileComputeKernel
  api=14 insize=14379 outsize=84745 ok=1
Cmd: compileComputeKernel
  api=14 insize=14379 outsize=74677 ok=1
Cmd: translateComputeKernel
  api=14 insize=52421 outsize=102457 ok=1
Cmd: translateComputeKernel
  api=14 insize=60297 outsize=120489 ok=1
Cmd: translateComputeKernel
  api=14 insize=54977 outsize=107025 ok=1
Cmd: translateComputeKernel
  api=14 insize=56037 outsize=110609 ok=1
Cmd: translateComputeKernel
  api=14 insize=60581 outsize=120269 ok=1
Cmd: translateComputeKernel
  api=14 insize=81633 outsize=172801 ok=1
Cmd: translateComputeKernel
  api=14 insize=61861 outsize=124445 ok=1
Cmd: translateComputeKernel
  api=14 insize=75857 outsize=159021 ok=1
Cmd: compileComputeKernel
  api=14 insize=26814 outsize=15721 ok=1
Cmd: compileComputeKernel
  api=14 insize=26814 outsize=18249 ok=1
Cmd: translateComputeKernel
  api=14 insize=17865 outsize=34717 ok=1
Cmd: translateComputeKernel
  api=14 insize=10709 outsize=18721 ok=1
Cmd: compileComputeKernel
  api=14 insize=4845 outsize=5509 ok=1
Cmd: translateComputeKernel
  api=14 insize=3445 outsize=6005 ok=1
Cmd: compileComputeKernel
  api=14 insize=18299 outsize=11321 ok=1
Cmd: translateComputeKernel
  api=14 insize=11321 outsize=24609 ok=1
Cmd: compileComputeKernel
  api=14 insize=19063 outsize=17065 ok=1
Cmd: translateComputeKernel
  api=14 insize=16557 outsize=33897 ok=1
Cmd: translateComputeKernel
  api=14 insize=2021 outsize=3169 ok=1
Cmd: translateComputeKernel
  api=14 insize=1145 outsize=1433 ok=1
Cmd: compileComputeKernel
  api=14 insize=20454 outsize=102601 ok=1
Cmd: translateComputeKernel
  api=14 insize=102601 outsize=625253 ok=1
Cmd: compileComputeKernel
  api=14 insize=34758 outsize=49153 ok=1
Cmd: compileComputeKernel
  api=14 insize=34758 outsize=49153 ok=1
Cmd: translateComputeKernel
  api=14 insize=44249 outsize=88685 ok=1
Cmd: translateComputeKernel
  api=14 insize=44249 outsize=88685 ok=1
Cmd: translateComputeKernel
  api=14 insize=2405 outsize=4785 ok=1
Cmd: translateComputeKernel
  api=14 insize=16893 outsize=19861 ok=1
Cmd: compileComputeKernel
  api=14 insize=3506 outsize=8997 ok=1
Cmd: translateComputeKernel
  api=14 insize=8801 outsize=2593 ok=1
Cmd: compileComputeKernel
  api=14 insize=16866 outsize=7481 ok=1
Cmd: compileComputeKernel
  api=14 insize=16866 outsize=8157 ok=1
Cmd: compileComputeKernel
  api=14 insize=16866 outsize=8349 ok=1
Cmd: compileComputeKernel
  api=14 insize=16866 outsize=10773 ok=1
Cmd: compileComputeKernel
  api=14 insize=16866 outsize=8141 ok=1
Cmd: compileComputeKernel
  api=14 insize=16866 outsize=9265 ok=1
Cmd: compileComputeKernel
  api=14 insize=16866 outsize=9821 ok=1
Cmd: compileComputeKernel
  api=14 insize=16866 outsize=12245 ok=1
Cmd: translateComputeKernel
  api=14 insize=6165 outsize=11025 ok=1
Cmd: translateComputeKernel
  api=14 insize=6417 outsize=11129 ok=1
Cmd: translateComputeKernel
  api=14 insize=7829 outsize=13905 ok=1
Cmd: translateComputeKernel
  api=14 insize=8425 outsize=15737 ok=1
Cmd: translateComputeKernel
  api=14 insize=7305 outsize=13553 ok=1
Cmd: translateComputeKernel
  api=14 insize=9085 outsize=17017 ok=1
Cmd: translateComputeKernel
  api=14 insize=8773 outsize=16165 ok=1
Cmd: translateComputeKernel
  api=14 insize=9897 outsize=19217 ok=1
Cmd: compileComputeKernel
  api=14 insize=1192 outsize=873 ok=1
Cmd: initializeCompiler
Cmd: translateComputeKernel
  api=14 insize=1385 outsize=1537 ok=1
Cmd: translateComputeKernel
  api=14 insize=4645 outsize=8485 ok=1
Cmd: compileComputeKernel
  api=14 insize=4750 outsize=2861 ok=1
Cmd: compileComputeKernel
  api=14 insize=3537 outsize=2545 ok=1
Cmd: translateComputeKernel
  api=14 insize=2545 outsize=4373 ok=1
Cmd: translateComputeKernel
  api=14 insize=461 outsize=269 ok=1
